version: (200506)

available memory: 64M bytes
used memory: 737280 bytes [need 720K bytes if disable swap]

used block: 41 [memory(41) file(0)]
                 [ 8K(34) 64K(7) { total 720K bytes } ]
overhead: (9572) bytes for (41) blocks [Average: (233) bytes/block]

write  => 0(times) 0K(bytes) [0K bytes to file]
read   => 7(times) 273K(bytes) [53K bytes compressed data from file]
access => 151702(times) 1274M(bytes)
          [hit ratio: 99.9954%]

time: write(0) read(0.005)  unit: second

swap file directory: (/mnt/vol_NFS_rh003/Est_Veri_II_2025/RuizSegura_Veri_II_25/Proyecto-2-Verificacion-Funcional/Archivos_Fuente/verdiLog)
used swap file number: (7)



swap file manager:
arrSize: (256)
idxCnt: (8)
closeHead: (1)
closeTail: (7)
openCnt: (6)
fid(7): fd(1073741828) fileName(/mnt/vol_NFS_rh003/Est_Veri_II_2025/RuizSegura_Veri_II_25/Proyecto-2-Verificacion-Funcional/Archivos_Fuente/salida.daidir/kdb.elab++/work.lib++/uvm_root.svh#inc__uvm_pkg__60#.tdc)
	size(45277) lastModTime(1763421193) curModTime(1763421193)
	mode(rb)	hot(0) cool(6) pos(0)
fid(6): fd(1073741827) fileName(/mnt/vol_NFS_rh003/Est_Veri_II_2025/RuizSegura_Veri_II_25/Proyecto-2-Verificacion-Funcional/Archivos_Fuente/salida.daidir/kdb.elab++/work.lib++/TypesandTransactions.sv#inc___vcs_unit__1__170#.tdc)
	size(22353) lastModTime(1763421197) curModTime(1763421197)
	mode(rb)	hot(7) cool(5) pos(0)
fid(5): fd(1073741826) fileName(/mnt/vol_NFS_rh003/Est_Veri_II_2025/RuizSegura_Veri_II_25/Proyecto-2-Verificacion-Funcional/Archivos_Fuente/salida.daidir/kdb.elab++/work.lib++/tb_top.sv.tdc)
	size(5387) lastModTime(1763421197) curModTime(1763421197)
	mode(rb)	hot(6) cool(4) pos(0)
fid(4): fd(1073741825) fileName(/mnt/vol_NFS_rh003/Est_Veri_II_2025/RuizSegura_Veri_II_25/Proyecto-2-Verificacion-Funcional/Archivos_Fuente/salida.daidir/kdb.elab++/work.lib++/uvm_pkg.sv.tdc)
	size(2320) lastModTime(1763421196) curModTime(1763421196)
	mode(rb)	hot(5) cool(2) pos(0)
fid(3): fd(0) fileName(/mnt/vol_NFS_rh003/Est_Veri_II_2025/RuizSegura_Veri_II_25/Proyecto-2-Verificacion-Funcional/Archivos_Fuente/salida.daidir/kdb.elab++/work.lib++/uvm_custom_install_verdi_recorder.sv.tdc)
	size(15413) lastModTime(1763421197) curModTime(1763421197)
	mode(rb)	hot(0) cool(0) pos(0)
fid(2): fd(36) fileName(/mnt/vol_NFS_rh003/Est_Veri_II_2025/RuizSegura_Veri_II_25/Proyecto-2-Verificacion-Funcional/Archivos_Fuente/verdiLog/_swap_0001#8323328#1600035)
	size(0) lastModTime(0) curModTime(1763572986)
	mode(w+b)	hot(4) cool(1) pos(0)
fid(1): fd(1073741824) fileName(/mnt/vol_NFS_rh003/Est_Veri_II_2025/RuizSegura_Veri_II_25/Proyecto-2-Verificacion-Funcional/Archivos_Fuente/salida.daidir/kdb.elab++/work.lib++/fifo.sv#inc___vcs_unit__1__168#.tdc)
	size(26543) lastModTime(1763421197) curModTime(1763421197)
	mode(rb)	hot(2) cool(0) pos(0)
fid(0): fd(0) fileName(NULL)
	mode(NULL)	hot(0) cool(0) pos(0)
==================================================
mySelf(17e52e50) pre(168187d0) next(0)
version(200506)
date(May 19 2021 05:00:27)
